<?xml version="1.0" encoding="UTF-8"?>
<testng-results skipped="0" failed="0" ignored="0" total="1" passed="1">
  <reporter-output>
  </reporter-output>
  <suite name="Default suite" duration-ms="1811" started-at="2020-05-11T14:49:09 EDT" finished-at="2020-05-11T14:49:10 EDT">
    <groups>
    </groups>
    <test name="Default test" duration-ms="1811" started-at="2020-05-11T14:49:09 EDT" finished-at="2020-05-11T14:49:10 EDT">
      <class name="RestAssuredTests.TC006_basicValidation_XML">
        <test-method status="PASS" signature="testUsingXpath()[pri:4, instance:RestAssuredTests.TC006_basicValidation_XML@4c2bc328]" name="testUsingXpath" duration-ms="1780" started-at="2020-05-11T14:49:09 EDT" finished-at="2020-05-11T14:49:10 EDT">
          <reporter-output>
          </reporter-output>
        </test-method> <!-- testUsingXpath -->
      </class> <!-- RestAssuredTests.TC006_basicValidation_XML -->
    </test> <!-- Default test -->
  </suite> <!-- Default suite -->
</testng-results>
